2023-04-02 15:17:12.547135 - Initialized conversion of CBT588
2023-04-02 15:17:12.744888 - Received CBT.V504.FILE588.PDS from FILE588.XMI 
2023-04-02 15:17:12.747607 - Found $$$#DATE.txt (text/plain) in CBT.V504.FILE588.PDS, moved to PDS/$$$#DATE
2023-04-02 15:17:12.748674 - Found $CHANGES.txt (text/plain) in CBT.V504.FILE588.PDS, moved to PDS/$CHANGES
2023-04-02 15:17:12.749735 - Found $DOC.txt (text/plain) in CBT.V504.FILE588.PDS, moved to PDS/$DOC
2023-04-02 15:17:12.750932 - Found $INSTALL.txt (text/plain) in CBT.V504.FILE588.PDS, moved to PDS/$INSTALL
2023-04-02 15:17:12.752017 - Found $IRXFLOC.txt (text/plain) in CBT.V504.FILE588.PDS, moved to PDS/$IRXFLOC
2023-04-02 15:17:12.752992 - Found $OPEN.txt (text/plain) in CBT.V504.FILE588.PDS, moved to PDS/$OPEN
2023-04-02 15:17:12.754169 - Found $SYSCNTL.txt (text/plain) in CBT.V504.FILE588.PDS, moved to PDS/$SYSCNTL
2023-04-02 15:17:12.755130 - Found @FILE588.txt (text/plain) in CBT.V504.FILE588.PDS, moved to PDS/@FILE588
2023-04-02 15:17:13.024717 - Found ASM.xmi (application/xmit) in CBT.V504.FILE588.PDS
2023-04-02 15:17:13.052826   - Received to CBT588/SOURCE.TEST
2023-04-02 15:17:13.276273 - Found EXEC.xmi (application/xmit) in CBT.V504.FILE588.PDS
2023-04-02 15:17:13.281461   - Received to CBT588/EXEC.NEW
2023-04-02 15:17:13.292582 - Found JCL.xmi (application/xmit) in CBT.V504.FILE588.PDS
2023-04-02 15:17:13.296546   - Received to CBT588/COMMON.PROCLIB
2023-04-02 15:17:13.335356 - Found LOAD.xmi (application/xmit) in CBT.V504.FILE588.PDS
2023-04-02 15:17:13.376923   - Received RECFM=U data, stored XMIT file as CBT588/LOAD.xmi
2023-04-02 15:17:13.469264 - Found MACLIB.xmi (application/xmit) in CBT.V504.FILE588.PDS
2023-04-02 15:17:13.489679   - Received to CBT588/MACLIB.TEST
2023-04-02 15:17:13.490992 - Found RECEIVE.rexx (text/plain) in CBT.V504.FILE588.PDS, moved to PDS/RECEIVE
